#
# There is insufficient memory for the Java Runtime Environment to continue.
# Native memory allocation (malloc) failed to allocate 1076816 bytes for Chunk::new
# Possible reasons:
#   The system is out of physical RAM or swap space
#   In 32 bit mode, the process size limit was hit
# Possible solutions:
#   Reduce memory load on the system
#   Increase physical memory or swap space
#   Check if swap backing store is full
#   Use 64 bit Java on a 64 bit OS
#   Decrease Java heap size (-Xmx/-Xms)
#   Decrease number of Java threads
#   Decrease Java thread stack sizes (-Xss)
#   Set larger code cache with -XX:ReservedCodeCacheSize=
# This output file may be truncated or incomplete.
#
#  Out of Memory Error (allocation.cpp:390), pid=5568, tid=0x0000000000000a44
#
# JRE version: OpenJDK Runtime Environment (8.0_152-b02) (build 1.8.0_152-release-1024-b02)
# Java VM: OpenJDK 64-Bit Server VM (25.152-b02 mixed mode windows-amd64 compressed oops)
# Failed to write core dump. Minidumps are not enabled by default on client versions of Windows
#

---------------  T H R E A D  ---------------

Current thread (0x000000001605f000):  JavaThread "C2 CompilerThread0" daemon [_thread_in_native, id=2628, stack(0x00000000175b0000,0x00000000176b0000)]

Stack: [0x00000000175b0000,0x00000000176b0000]
[error occurred during error reporting (printing stack bounds), id 0xc0000005]

Native frames: (J=compiled Java code, j=interpreted, Vv=VM code, C=native code)


Current CompileTask:
C2:8693963 19665       4       org.antlr.v4.runtime.atn.ParserATNSimulator::closure_ (295 bytes)


---------------  P R O C E S S  ---------------

Java Threads: ( => current thread )
  0x000000001e350000 JavaThread "Cache worker for Java compile cache (C:\Users\Danfeng Trondset\Desktop\School\Software Engineering\Project\LightIT\.gradle\4.4\javaCompile)" [_thread_blocked, id=9412, stack(0x0000000025b10000,0x0000000025c10000)]
  0x000000001c024800 JavaThread "Task worker for ':' Thread 3" [_thread_blocked, id=6384, stack(0x0000000025810000,0x0000000025910000)]
  0x000000001c024000 JavaThread "Task worker for ':' Thread 2" [_thread_blocked, id=5660, stack(0x00000000236e0000,0x00000000237e0000)]
  0x000000001c01f800 JavaThread "Task worker for ':'" [_thread_in_Java, id=7636, stack(0x0000000022d50000,0x0000000022e50000)]
  0x000000001c01e000 JavaThread "Cache worker for Build Output Cleanup Cache (C:\Users\Danfeng Trondset\Desktop\School\Software Engineering\Project\LightIT\.gradle\buildOutputCleanup)" [_thread_blocked, id=1540, stack(0x0000000022a50000,0x0000000022b50000)]
  0x000000001c01b000 JavaThread "Cache worker for task history cache (C:\Users\Danfeng Trondset\Desktop\School\Software Engineering\Project\LightIT\.gradle\4.4\taskHistory)" [_thread_blocked, id=9952, stack(0x0000000022950000,0x0000000022a50000)]
  0x000000001c019800 JavaThread "Cache worker for file content cache (C:\Users\Danfeng Trondset\Desktop\School\Software Engineering\Project\LightIT\.gradle\4.4\fileContent)" [_thread_blocked, id=9344, stack(0x0000000022850000,0x0000000022950000)]
  0x000000001c01c800 JavaThread "build operations Thread 4" [_thread_blocked, id=188, stack(0x000000001fd00000,0x000000001fe00000)]
  0x000000001c017000 JavaThread "build operations Thread 3" [_thread_blocked, id=10000, stack(0x000000001fc00000,0x000000001fd00000)]
  0x000000001c01a000 JavaThread "build operations Thread 2" [_thread_blocked, id=8176, stack(0x000000001fa00000,0x000000001fb00000)]
  0x000000001c018800 JavaThread "build operations" [_thread_blocked, id=10080, stack(0x000000001f900000,0x000000001fa00000)]
  0x000000001c016800 JavaThread "Cache worker for Artifact transforms cache (C:\Users\Danfeng Trondset\.gradle\caches\transforms-1)" [_thread_blocked, id=1744, stack(0x000000001dcc0000,0x000000001ddc0000)]
  0x0000000018c26800 JavaThread "Cache worker for file hash cache (C:\Users\Danfeng Trondset\Desktop\School\Software Engineering\Project\LightIT\.gradle\4.4\fileHashes)" [_thread_blocked, id=7504, stack(0x000000001ba20000,0x000000001bb20000)]
  0x0000000018c20800 JavaThread "Stdin handler" [_thread_blocked, id=4560, stack(0x000000001a550000,0x000000001a650000)]
  0x0000000018c22000 JavaThread "Asynchronous log dispatcher for DefaultDaemonConnection: socket connection from /127.0.0.1:56743 to /127.0.0.1:57685" [_thread_blocked, id=9760, stack(0x000000001a450000,0x000000001a550000)]
  0x0000000018c20000 JavaThread "Daemon worker Thread 8" [_thread_blocked, id=4648, stack(0x000000001a350000,0x000000001a450000)]
  0x0000000018c1e800 JavaThread "Cancel handler" [_thread_blocked, id=9368, stack(0x000000001a250000,0x000000001a350000)]
  0x0000000018c1a800 JavaThread "Handler for socket connection from /127.0.0.1:56743 to /127.0.0.1:57685" [_thread_in_native, id=5664, stack(0x0000000019f50000,0x000000001a050000)]
  0x0000000018c1d800 JavaThread "Daemon Thread 8" [_thread_blocked, id=7388, stack(0x0000000019e50000,0x0000000019f50000)]
  0x000000001ec90800 JavaThread "pool-14-thread-1" [_thread_blocked, id=4908, stack(0x0000000027cb0000,0x0000000027db0000)]
  0x0000000018c18800 JavaThread "Memory manager" [_thread_blocked, id=9936, stack(0x0000000021550000,0x0000000021650000)]
  0x0000000018c1b800 JavaThread "pool-1-thread-1" [_thread_blocked, id=6600, stack(0x000000001fe00000,0x000000001ff00000)]
  0x0000000018150000 JavaThread "File lock request listener" [_thread_in_native, id=2144, stack(0x000000001a950000,0x000000001aa50000)]
  0x0000000017afd000 JavaThread "Cache worker for file hash cache (C:\Users\Danfeng Trondset\.gradle\caches\4.4\fileHashes)" [_thread_blocked, id=6892, stack(0x000000001a850000,0x000000001a950000)]
  0x0000000018e05800 JavaThread "Daemon periodic checks" [_thread_blocked, id=9176, stack(0x0000000019d50000,0x0000000019e50000)]
  0x00000000184e7800 JavaThread "Incoming local TCP Connector on port 56743" [_thread_in_native, id=6028, stack(0x0000000019b60000,0x0000000019c60000)]
  0x00000000178d8800 JavaThread "Service Thread" daemon [_thread_blocked, id=6624, stack(0x0000000017cb0000,0x0000000017db0000)]
  0x0000000016068000 JavaThread "C1 CompilerThread2" daemon [_thread_in_vm, id=3344, stack(0x00000000177b0000,0x00000000178b0000)]
  0x0000000016061000 JavaThread "C2 CompilerThread1" daemon [_thread_in_native, id=8468, stack(0x00000000176b0000,0x00000000177b0000)]
=>0x000000001605f000 JavaThread "C2 CompilerThread0" daemon [_thread_in_native, id=2628, stack(0x00000000175b0000,0x00000000176b0000)]
  0x000000001605d000 JavaThread "Attach Listener" daemon [_thread_blocked, id=996, stack(0x00000000174b0000,0x00000000175b0000)]
  0x000000001605a000 JavaThread "Signal Dispatcher" daemon [_thread_blocked, id=7904, stack(0x00000000173b0000,0x00000000174b0000)]
  0x00000000026ec800 JavaThread "Finalizer" daemon [_thread_blocked, id=9248, stack(0x00000000172b0000,0x00000000173b0000)]
  0x00000000026e1800 JavaThread "Reference Handler" daemon [_thread_blocked, id=8324, stack(0x00000000171b0000,0x00000000172b0000)]
  0x00000000025f2800 JavaThread "main" [_thread_blocked, id=3252, stack(0x00000000024f0000,0x00000000025f0000)]

Other Threads:
  0x0000000016025000 VMThread [stack: 0x00000000170b0000,0x00000000171b0000] [id=9032]
  0x00000000160be800 WatcherThread [stack: 0x0000000017db0000,0x0000000017eb0000] [id=10088]

VM state:not at safepoint (normal execution)

VM Mutex/Monitor currently owned by a thread: None

Heap:
 PSYoungGen      total 189952K, used 71183K [0x00000000e0000000, 0x00000000edc80000, 0x0000000100000000)
  eden space 164352K, 30% used [0x00000000e0000000,0x00000000e3191d70,0x00000000ea080000)
  from space 25600K, 79% used [0x00000000ec380000,0x00000000ed771eb0,0x00000000edc80000)
  to   space 30720K, 0% used [0x00000000ea080000,0x00000000ea080000,0x00000000ebe80000)
 ParOldGen       total 125440K, used 60015K [0x00000000a0000000, 0x00000000a7a80000, 0x00000000e0000000)
  object space 125440K, 47% used [0x00000000a0000000,0x00000000a3a9bf48,0x00000000a7a80000)
 Metaspace       used 117466K, capacity 121856K, committed 122072K, reserved 1157120K
  class space    used 14471K, capacity 15294K, committed 15360K, reserved 1048576K

Card table byte_map: [0x0000000011ab0000,0x0000000011dc0000] byte_map_base: 0x00000000115b0000

Marking Bits: (ParMarkBitMap*) 0x0000000073fc4970
 Begin Bits: [0x00000000123c0000, 0x0000000013bc0000)
 End Bits:   [0x0000000013bc0000, 0x00000000153c0000)

Polling page: 0x0000000000b10000

CodeCache: size=245760Kb used=55961Kb max_used=56012Kb free=189798Kb
 bounds [0x00000000026f0000, 0x0000000005e00000, 0x00000000116f0000]
 total_blobs=16877 nmethods=16018 adapters=770
 compilation: enabled

Compilation events (10 events):
Event: 8683.879 Thread 0x0000000016061000 nmethod 19648 0x0000000005db0c10 code [0x0000000005db16c0, 0x0000000005dba4e0]
Event: 8683.882 Thread 0x0000000016061000 19650       4       org.antlr.v4.runtime.atn.SemanticContext$Predicate::hashCode (47 bytes)
Event: 8683.883 Thread 0x0000000016061000 nmethod 19650 0x0000000005da4050 code [0x0000000005da4180, 0x0000000005da42b8]
Event: 8684.058 Thread 0x000000001605f000 nmethod 19649 0x0000000005dd56d0 code [0x0000000005dd6240, 0x0000000005de0f18]
Event: 8687.298 Thread 0x0000000016068000 19655       1       com.google.common.base.Absent::isPresent (2 bytes)
Event: 8687.298 Thread 0x0000000016068000 nmethod 19655 0x0000000005da3d90 code [0x0000000005da3ee0, 0x0000000005da3ff0]
Event: 8687.897 Thread 0x0000000016061000 19664       4       org.antlr.v4.runtime.atn.ParserATNSimulator::closureCheckingStopState (244 bytes)
Event: 8687.897 Thread 0x000000001605f000 19665       4       org.antlr.v4.runtime.atn.ParserATNSimulator::closure_ (295 bytes)
Event: 8688.346 Thread 0x0000000016068000 19659       3       com.sun.tools.javac.model.JavacTypes::isSameType (16 bytes)
Event: 8688.357 Thread 0x0000000016068000 nmethod 19659 0x0000000002c69190 code [0x0000000002c69320, 0x0000000002c69708]

GC Heap History (10 events):
Event: 4142.105 GC heap before
{Heap before GC invocations=28 (full 4):
 PSYoungGen      total 198144K, used 197762K [0x00000000e0000000, 0x00000000efe80000, 0x0000000100000000)
  eden space 189952K, 99% used [0x00000000e0000000,0x00000000eb97a7b0,0x00000000eb980000)
  from space 8192K, 95% used [0x00000000ec100000,0x00000000ec8a61d0,0x00000000ec900000)
  to   space 35328K, 0% used [0x00000000edc00000,0x00000000edc00000,0x00000000efe80000)
 ParOldGen       total 125440K, used 59719K [0x00000000a0000000, 0x00000000a7a80000, 0x00000000e0000000)
  object space 125440K, 47% used [0x00000000a0000000,0x00000000a3a51f30,0x00000000a7a80000)
 Metaspace       used 101562K, capacity 104848K, committed 105176K, reserved 1140736K
  class space    used 12763K, capacity 13470K, committed 13568K, reserved 1048576K
Event: 4142.177 GC heap after
Heap after GC invocations=28 (full 4):
 PSYoungGen      total 206848K, used 14053K [0x00000000e0000000, 0x00000000ef380000, 0x0000000100000000)
  eden space 182784K, 0% used [0x00000000e0000000,0x00000000e0000000,0x00000000eb280000)
  from space 24064K, 58% used [0x00000000edc00000,0x00000000ee9b9620,0x00000000ef380000)
  to   space 33280K, 0% used [0x00000000eb280000,0x00000000eb280000,0x00000000ed300000)
 ParOldGen       total 125440K, used 59727K [0x00000000a0000000, 0x00000000a7a80000, 0x00000000e0000000)
  object space 125440K, 47% used [0x00000000a0000000,0x00000000a3a53f30,0x00000000a7a80000)
 Metaspace       used 101562K, capacity 104848K, committed 105176K, reserved 1140736K
  class space    used 12763K, capacity 13470K, committed 13568K, reserved 1048576K
}
Event: 4314.634 GC heap before
{Heap before GC invocations=29 (full 4):
 PSYoungGen      total 206848K, used 196837K [0x00000000e0000000, 0x00000000ef380000, 0x0000000100000000)
  eden space 182784K, 100% used [0x00000000e0000000,0x00000000eb280000,0x00000000eb280000)
  from space 24064K, 58% used [0x00000000edc00000,0x00000000ee9b9620,0x00000000ef380000)
  to   space 33280K, 0% used [0x00000000eb280000,0x00000000eb280000,0x00000000ed300000)
 ParOldGen       total 125440K, used 59727K [0x00000000a0000000, 0x00000000a7a80000, 0x00000000e0000000)
  object space 125440K, 47% used [0x00000000a0000000,0x00000000a3a53f30,0x00000000a7a80000)
 Metaspace       used 102312K, capacity 105970K, committed 106328K, reserved 1142784K
  class space    used 12819K, capacity 13569K, committed 13696K, reserved 1048576K
Event: 4314.667 GC heap after
Heap after GC invocations=29 (full 4):
 PSYoungGen      total 184832K, used 8490K [0x00000000e0000000, 0x00000000eeb00000, 0x0000000100000000)
  eden space 176128K, 0% used [0x00000000e0000000,0x00000000e0000000,0x00000000eac00000)
  from space 8704K, 97% used [0x00000000eb280000,0x00000000ebacab78,0x00000000ebb00000)
  to   space 32256K, 0% used [0x00000000ecb80000,0x00000000ecb80000,0x00000000eeb00000)
 ParOldGen       total 125440K, used 59735K [0x00000000a0000000, 0x00000000a7a80000, 0x00000000e0000000)
  object space 125440K, 47% used [0x00000000a0000000,0x00000000a3a55f30,0x00000000a7a80000)
 Metaspace       used 102312K, capacity 105970K, committed 106328K, reserved 1142784K
  class space    used 12819K, capacity 13569K, committed 13696K, reserved 1048576K
}
Event: 4320.889 GC heap before
{Heap before GC invocations=30 (full 4):
 PSYoungGen      total 184832K, used 184618K [0x00000000e0000000, 0x00000000eeb00000, 0x0000000100000000)
  eden space 176128K, 99% used [0x00000000e0000000,0x00000000eabffe50,0x00000000eac00000)
  from space 8704K, 97% used [0x00000000eb280000,0x00000000ebacab78,0x00000000ebb00000)
  to   space 32256K, 0% used [0x00000000ecb80000,0x00000000ecb80000,0x00000000eeb00000)
 ParOldGen       total 125440K, used 59735K [0x00000000a0000000, 0x00000000a7a80000, 0x00000000e0000000)
  object space 125440K, 47% used [0x00000000a0000000,0x00000000a3a55f30,0x00000000a7a80000)
 Metaspace       used 108515K, capacity 112196K, committed 112344K, reserved 1146880K
  class space    used 13520K, capacity 14282K, committed 14336K, reserved 1048576K
Event: 4321.118 GC heap after
Heap after GC invocations=30 (full 4):
 PSYoungGen      total 209408K, used 15610K [0x00000000e0000000, 0x00000000eff80000, 0x0000000100000000)
  eden space 177152K, 0% used [0x00000000e0000000,0x00000000e0000000,0x00000000ead00000)
  from space 32256K, 48% used [0x00000000ecb80000,0x00000000edabe900,0x00000000eeb00000)
  to   space 31232K, 0% used [0x00000000ead00000,0x00000000ead00000,0x00000000ecb80000)
 ParOldGen       total 125440K, used 59743K [0x00000000a0000000, 0x00000000a7a80000, 0x00000000e0000000)
  object space 125440K, 47% used [0x00000000a0000000,0x00000000a3a57f30,0x00000000a7a80000)
 Metaspace       used 108515K, capacity 112196K, committed 112344K, reserved 1146880K
  class space    used 13520K, capacity 14282K, committed 14336K, reserved 1048576K
}
Event: 4900.159 GC heap before
{Heap before GC invocations=31 (full 4):
 PSYoungGen      total 209408K, used 192762K [0x00000000e0000000, 0x00000000eff80000, 0x0000000100000000)
  eden space 177152K, 100% used [0x00000000e0000000,0x00000000ead00000,0x00000000ead00000)
  from space 32256K, 48% used [0x00000000ecb80000,0x00000000edabe900,0x00000000eeb00000)
  to   space 31232K, 0% used [0x00000000ead00000,0x00000000ead00000,0x00000000ecb80000)
 ParOldGen       total 125440K, used 59743K [0x00000000a0000000, 0x00000000a7a80000, 0x00000000e0000000)
  object space 125440K, 47% used [0x00000000a0000000,0x00000000a3a57f30,0x00000000a7a80000)
 Metaspace       used 111717K, capacity 115622K, committed 115672K, reserved 1150976K
  class space    used 13802K, capacity 14567K, committed 14592K, reserved 1048576K
Event: 4900.213 GC heap after
Heap after GC invocations=31 (full 4):
 PSYoungGen      total 182784K, used 12208K [0x00000000e0000000, 0x00000000ee080000, 0x0000000100000000)
  eden space 170496K, 0% used [0x00000000e0000000,0x00000000e0000000,0x00000000ea680000)
  from space 12288K, 99% used [0x00000000ead00000,0x00000000eb8ec238,0x00000000eb900000)
  to   space 29696K, 0% used [0x00000000ec380000,0x00000000ec380000,0x00000000ee080000)
 ParOldGen       total 125440K, used 60007K [0x00000000a0000000, 0x00000000a7a80000, 0x00000000e0000000)
  object space 125440K, 47% used [0x00000000a0000000,0x00000000a3a99f48,0x00000000a7a80000)
 Metaspace       used 111717K, capacity 115622K, committed 115672K, reserved 1150976K
  class space    used 13802K, capacity 14567K, committed 14592K, reserved 1048576K
}
Event: 8668.459 GC heap before
{Heap before GC invocations=32 (full 4):
 PSYoungGen      total 182784K, used 181684K [0x00000000e0000000, 0x00000000ee080000, 0x0000000100000000)
  eden space 170496K, 99% used [0x00000000e0000000,0x00000000ea580e50,0x00000000ea680000)
  from space 12288K, 99% used [0x00000000ead00000,0x00000000eb8ec238,0x00000000eb900000)
  to   space 29696K, 0% used [0x00000000ec380000,0x00000000ec380000,0x00000000ee080000)
 ParOldGen       total 125440K, used 60007K [0x00000000a0000000, 0x00000000a7a80000, 0x00000000e0000000)
  object space 125440K, 47% used [0x00000000a0000000,0x00000000a3a99f48,0x00000000a7a80000)
 Metaspace       used 112656K, capacity 117012K, committed 117208K, reserved 1150976K
  class space    used 13921K, capacity 14742K, committed 14848K, reserved 1048576K
Event: 8668.820 GC heap after
Heap after GC invocations=32 (full 4):
 PSYoungGen      total 189952K, used 20423K [0x00000000e0000000, 0x00000000edc80000, 0x0000000100000000)
  eden space 164352K, 0% used [0x00000000e0000000,0x00000000e0000000,0x00000000ea080000)
  from space 25600K, 79% used [0x00000000ec380000,0x00000000ed771eb0,0x00000000edc80000)
  to   space 30720K, 0% used [0x00000000ea080000,0x00000000ea080000,0x00000000ebe80000)
 ParOldGen       total 125440K, used 60015K [0x00000000a0000000, 0x00000000a7a80000, 0x00000000e0000000)
  object space 125440K, 47% used [0x00000000a0000000,0x00000000a3a9bf48,0x00000000a7a80000)
 Metaspace       used 112656K, capacity 117012K, committed 117208K, reserved 1150976K
  class space    used 13921K, capacity 14742K, committed 14848K, reserved 1048576K
}

Deoptimization events (10 events):
Event: 8656.337 Thread 0x000000001ec92800 Uncommon trap: reason=class_check action=maybe_recompile pc=0x0000000002ba222c method=java.io.BufferedOutputStream.write([BII)V @ 20
Event: 8664.599 Thread 0x000000001c01f800 Uncommon trap: reason=unstable_if action=reinterpret pc=0x0000000005d3139c method=java.io.BufferedWriter.min(II)I @ 2
Event: 8669.518 Thread 0x000000001c01f800 Uncommon trap: reason=unstable_if action=reinterpret pc=0x00000000047a945c method=com.sun.tools.javac.code.Scope.dble()V @ 113
Event: 8677.303 Thread 0x000000001c01f800 Uncommon trap: reason=unstable_if action=reinterpret pc=0x0000000005b2a4b4 method=org.sqlite.SQLiteJDBCLoader.contentsEquals(Ljava/io/InputStream;Ljava/io/InputStream;)Z @ 39
Event: 8687.884 Thread 0x000000001c01f800 Uncommon trap: reason=array_check action=maybe_recompile pc=0x0000000005db67dc method=org.antlr.v4.runtime.misc.Array2DHashSet.getOrAddImpl(Ljava/lang/Object;)Ljava/lang/Object; @ 36
Event: 8687.890 Thread 0x000000001c01f800 Uncommon trap: reason=array_check action=maybe_recompile pc=0x0000000005db67dc method=org.antlr.v4.runtime.misc.Array2DHashSet.getOrAddImpl(Ljava/lang/Object;)Ljava/lang/Object; @ 36
Event: 8687.890 Thread 0x000000001c01f800 Uncommon trap: reason=array_check action=maybe_recompile pc=0x0000000005db67dc method=org.antlr.v4.runtime.misc.Array2DHashSet.getOrAddImpl(Ljava/lang/Object;)Ljava/lang/Object; @ 36
Event: 8687.891 Thread 0x000000001c01f800 Uncommon trap: reason=array_check action=maybe_recompile pc=0x0000000005db67dc method=org.antlr.v4.runtime.misc.Array2DHashSet.getOrAddImpl(Ljava/lang/Object;)Ljava/lang/Object; @ 36
Event: 8687.891 Thread 0x000000001c01f800 Uncommon trap: reason=array_check action=maybe_recompile pc=0x0000000005ddf454 method=org.antlr.v4.runtime.misc.Array2DHashSet.getOrAddImpl(Ljava/lang/Object;)Ljava/lang/Object; @ 74
Event: 8687.891 Thread 0x000000001c01f800 Uncommon trap: reason=array_check action=maybe_recompile pc=0x0000000005ddf454 method=org.antlr.v4.runtime.misc.Array2DHashSet.getOrAddImpl(Ljava/lang/Object;)Ljava/lang/Object; @ 74

Classes redefined (0 events):
No events

Internal exceptions (10 events):
Event: 4374.373 Thread 0x0000000018c23000 Exception <a 'sun/nio/fs/WindowsException'> (0x00000000e8316ee0) thrown at [D:\src\AOSP-openjdk-cygwin\jdk8u\hotspot\src\share\vm\prims\jni.cpp, line 709]
Event: 4735.249 Thread 0x0000000018c1b800 Exception <a 'sun/nio/fs/WindowsException'> (0x00000000e27d5e78) thrown at [D:\src\AOSP-openjdk-cygwin\jdk8u\hotspot\src\share\vm\prims\jni.cpp, line 709]
Event: 4820.672 Thread 0x0000000018c1b800 Exception <a 'sun/nio/fs/WindowsException'> (0x00000000e27d7250) thrown at [D:\src\AOSP-openjdk-cygwin\jdk8u\hotspot\src\share\vm\prims\jni.cpp, line 709]
Event: 4898.579 Thread 0x000000001c01c800 Exception <a 'sun/nio/fs/WindowsException'> (0x00000000e9d58d88) thrown at [D:\src\AOSP-openjdk-cygwin\jdk8u\hotspot\src\share\vm\prims\jni.cpp, line 709]
Event: 4898.585 Thread 0x000000001c01c800 Exception <a 'sun/nio/fs/WindowsException'> (0x00000000e9d65160) thrown at [D:\src\AOSP-openjdk-cygwin\jdk8u\hotspot\src\share\vm\prims\jni.cpp, line 709]
Event: 4913.810 Thread 0x0000000018c1b800 Exception <a 'sun/nio/fs/WindowsException'> (0x00000000e2cadb70) thrown at [D:\src\AOSP-openjdk-cygwin\jdk8u\hotspot\src\share\vm\prims\jni.cpp, line 709]
Event: 4972.405 Thread 0x0000000018c1b800 Exception <a 'sun/nio/fs/WindowsException'> (0x00000000e2caef70) thrown at [D:\src\AOSP-openjdk-cygwin\jdk8u\hotspot\src\share\vm\prims\jni.cpp, line 709]
Event: 6749.746 Thread 0x0000000018c1b800 Exception <a 'sun/nio/fs/WindowsException'> (0x00000000e2cb05e8) thrown at [D:\src\AOSP-openjdk-cygwin\jdk8u\hotspot\src\share\vm\prims\jni.cpp, line 709]
Event: 8649.209 Thread 0x0000000018c20000 Exception <a 'sun/nio/fs/WindowsException'> (0x00000000e5436808) thrown at [D:\src\AOSP-openjdk-cygwin\jdk8u\hotspot\src\share\vm\prims\jni.cpp, line 709]
Event: 8649.265 Thread 0x0000000018c20000 Exception <a 'sun/nio/fs/WindowsException'> (0x00000000e5442be0) thrown at [D:\src\AOSP-openjdk-cygwin\jdk8u\hotspot\src\share\vm\prims\jni.cpp, line 709]

Events (10 events):
Event: 8687.891 Thread 0x000000001c01f800 DEOPT UNPACKING pc=0x000000000273557b sp=0x0000000022e4b490 mode 2
Event: 8687.891 Thread 0x000000001c01f800 Uncommon trap: trap_request=0xffffffd6 fr.pc=0x0000000005ddf454
Event: 8687.891 Thread 0x000000001c01f800 DEOPT PACKING pc=0x0000000005ddf454 sp=0x0000000022e4b130
Event: 8687.891 Thread 0x000000001c01f800 DEOPT UNPACKING pc=0x000000000273557b sp=0x0000000022e4af08 mode 2
Event: 8687.891 Thread 0x000000001c01f800 Uncommon trap: trap_request=0xffffffd6 fr.pc=0x0000000005ddf454
Event: 8687.891 Thread 0x000000001c01f800 DEOPT PACKING pc=0x0000000005ddf454 sp=0x0000000022e4b130
Event: 8687.891 Thread 0x000000001c01f800 DEOPT UNPACKING pc=0x000000000273557b sp=0x0000000022e4af08 mode 2
Event: 8687.953 Thread 0x0000000016068000 flushing nmethod 0x000000000334be50
Event: 8688.331 Thread 0x0000000016068000 flushing nmethod 0x000000000344bc90
Event: 8688.341 Thread 0x0000000016068000 flushing nmethod 0x000000000349d750


Dynamic libraries:
0x00007ff720700000 - 0x00007ff720731000 	C:\Program Files\Android\Android Studio\jre\bin\java.exe
0x00007ff8edc50000 - 0x00007ff8eddfd000 	C:\WINDOWS\SYSTEM32\ntdll.dll
0x00007ff8edb10000 - 0x00007ff8edc4e000 	C:\WINDOWS\system32\KERNEL32.DLL
0x00007ff8eb130000 - 0x00007ff8eb246000 	C:\WINDOWS\system32\KERNELBASE.dll
0x00007ff8ecd30000 - 0x00007ff8ecdda000 	C:\WINDOWS\system32\ADVAPI32.dll
0x00007ff8ecf00000 - 0x00007ff8ed077000 	C:\WINDOWS\system32\USER32.dll
0x00007ff8e8660000 - 0x00007ff8e88db000 	C:\WINDOWS\WinSxS\amd64_microsoft.windows.common-controls_6595b64144ccf1df_6.0.9600.18006_none_623f33d3ecbe86e8\COMCTL32.dll
0x00007ff8ed900000 - 0x00007ff8ed9aa000 	C:\WINDOWS\system32\msvcrt.dll
0x00007ff8ed090000 - 0x00007ff8ed0e9000 	C:\WINDOWS\SYSTEM32\sechost.dll
0x00007ff8ed3d0000 - 0x00007ff8ed510000 	C:\WINDOWS\system32\RPCRT4.dll
0x00007ff8ed9b0000 - 0x00007ff8edafb000 	C:\WINDOWS\system32\GDI32.dll
0x00007ff8eb250000 - 0x00007ff8eb27e000 	C:\WINDOWS\system32\SspiCli.dll
0x00007ff8ed390000 - 0x00007ff8ed3c6000 	C:\WINDOWS\system32\IMM32.DLL
0x00007ff8ed5e0000 - 0x00007ff8ed731000 	C:\WINDOWS\system32\MSCTF.dll
0x0000000073720000 - 0x00000000737f2000 	C:\Program Files\Android\Android Studio\jre\jre\bin\msvcr100.dll
0x0000000073800000 - 0x000000007403f000 	C:\Program Files\Android\Android Studio\jre\jre\bin\server\jvm.dll
0x00007ff8e47d0000 - 0x00007ff8e47d9000 	C:\WINDOWS\SYSTEM32\WSOCK32.dll
0x00007ff8e4af0000 - 0x00007ff8e4b12000 	C:\WINDOWS\SYSTEM32\WINMM.dll
0x00007ff8e0b60000 - 0x00007ff8e0b6a000 	C:\WINDOWS\SYSTEM32\VERSION.dll
0x00007ff8ed0f0000 - 0x00007ff8ed0f7000 	C:\WINDOWS\system32\PSAPI.DLL
0x00007ff8eccd0000 - 0x00007ff8ecd2a000 	C:\WINDOWS\system32\WS2_32.dll
0x00007ff8e4ac0000 - 0x00007ff8e4aea000 	C:\WINDOWS\SYSTEM32\WINMMBASE.dll
0x00007ff8ed080000 - 0x00007ff8ed089000 	C:\WINDOWS\system32\NSI.dll
0x00007ff8eaf00000 - 0x00007ff8eaf4f000 	C:\WINDOWS\SYSTEM32\cfgmgr32.dll
0x00007ff8e9b90000 - 0x00007ff8e9bb8000 	C:\WINDOWS\SYSTEM32\DEVOBJ.dll
0x00007ff8e6fc0000 - 0x00007ff8e6fcf000 	C:\Program Files\Android\Android Studio\jre\jre\bin\verify.dll
0x00007ff8e0fe0000 - 0x00007ff8e1009000 	C:\Program Files\Android\Android Studio\jre\jre\bin\java.dll
0x00007ff8e5b70000 - 0x00007ff8e5b86000 	C:\Program Files\Android\Android Studio\jre\jre\bin\zip.dll
0x00007ff8eb5c0000 - 0x00007ff8ecaec000 	C:\WINDOWS\system32\SHELL32.dll
0x00007ff8ed170000 - 0x00007ff8ed382000 	C:\WINDOWS\SYSTEM32\combase.dll
0x00007ff8eb480000 - 0x00007ff8eb4d4000 	C:\WINDOWS\system32\SHLWAPI.dll
0x00007ff8e90f0000 - 0x00007ff8e91a2000 	C:\WINDOWS\SYSTEM32\SHCORE.dll
0x00007ff8ead80000 - 0x00007ff8ead95000 	C:\WINDOWS\SYSTEM32\profapi.dll
0x00007ff8e0590000 - 0x00007ff8e05aa000 	C:\Program Files\Android\Android Studio\jre\jre\bin\net.dll
0x00007ff8ea5a0000 - 0x00007ff8ea5f9000 	C:\WINDOWS\system32\mswsock.dll
0x00007ff8e0570000 - 0x00007ff8e0581000 	C:\Program Files\Android\Android Studio\jre\jre\bin\nio.dll
0x00007ff8e5ba0000 - 0x00007ff8e5bbe000 	C:\Users\Danfeng Trondset\.gradle\native\25\windows-amd64\native-platform.dll
0x00007ff8e0fd0000 - 0x00007ff8e0fdd000 	C:\Program Files\Android\Android Studio\jre\jre\bin\management.dll
0x00007ff8ea600000 - 0x00007ff8ea620000 	C:\WINDOWS\SYSTEM32\CRYPTSP.dll
0x00007ff8ea200000 - 0x00007ff8ea236000 	C:\WINDOWS\system32\rsaenh.dll
0x00007ff8ea860000 - 0x00007ff8ea886000 	C:\WINDOWS\SYSTEM32\bcrypt.dll
0x00007ff8ea350000 - 0x00007ff8ea371000 	C:\WINDOWS\SYSTEM32\USERENV.dll
0x00007ff8eabe0000 - 0x00007ff8eac43000 	C:\WINDOWS\system32\bcryptprimitives.dll
0x00007ff8eac50000 - 0x00007ff8eac5b000 	C:\WINDOWS\SYSTEM32\CRYPTBASE.dll
0x00007ff8e4c20000 - 0x00007ff8e4c4a000 	C:\WINDOWS\SYSTEM32\IPHLPAPI.DLL
0x00007ff8e4c10000 - 0x00007ff8e4c1a000 	C:\WINDOWS\SYSTEM32\WINNSI.DLL
0x00007ff8e3a20000 - 0x00007ff8e3a36000 	C:\WINDOWS\SYSTEM32\dhcpcsvc6.DLL
0x00007ff8e3b00000 - 0x00007ff8e3b1a000 	C:\WINDOWS\SYSTEM32\dhcpcsvc.DLL
0x000000006adc0000 - 0x000000006aeb2000 	C:\Users\Danfeng Trondset\AppData\Local\Temp\room-aab2cb09-dbe4-4847-90c7-e2c14f323958\sqlite-3.20.1-9cf8e664-5f6b-4802-854e-1d1b6c8a7872-sqlitejdbc.dll
0x0000000023c10000 - 0x0000000023d02000 	C:\Users\Danfeng Trondset\AppData\Local\Temp\room-45612d4f-7548-409a-936f-a321f36b10ec\sqlite-3.20.1-3cd5cd01-90bc-46ac-b096-2466683ee785-sqlitejdbc.dll
0x0000000025710000 - 0x0000000025802000 	C:\Users\Danfeng Trondset\AppData\Local\Temp\room-a3548b49-c5d8-40f2-9603-029a8316b700\sqlite-3.20.1-c7fbedb9-9f63-4a57-bcd1-655973509d11-sqlitejdbc.dll
0x0000000026c00000 - 0x0000000026cf2000 	C:\Users\Danfeng Trondset\AppData\Local\Temp\room-62e4c872-7687-4f85-a7f9-8109029cbb9e\sqlite-3.20.1-844048ac-7d4c-4e2f-b285-051765c05d2b-sqlitejdbc.dll
0x00000000273e0000 - 0x00000000274d2000 	C:\Users\Danfeng Trondset\AppData\Local\Temp\room-46b64df8-9c2f-4eb8-ad7a-164bd0a340c6\sqlite-3.20.1-6f3d802d-af89-4d02-8d70-30817e0f6b75-sqlitejdbc.dll

VM Arguments:
jvm_args: -Xmx1536m -Dfile.encoding=windows-1252 -Duser.country=GB -Duser.language=en -Duser.variant 
java_command: org.gradle.launcher.daemon.bootstrap.GradleDaemon 4.4
java_class_path (initial): C:\Users\Danfeng Trondset\.gradle\wrapper\dists\gradle-4.4-all\9br9xq1tocpiv8o6njlyu5op1\gradle-4.4\lib\gradle-launcher-4.4.jar
Launcher Type: SUN_STANDARD

Environment Variables:
JAVA_HOME=C:\Program Files\Java\jdk1.8.0_121
PATH=C:\Program Files (x86)\Common Files\Oracle\Java\javapath;C:\Program Files\Java\jdk1.8.0_121\bin;C:\ProgramData\Oracle\Java\javapath;C:\Program Files (x86)\Intel\iCLS Client\;C:\Program Files\Intel\iCLS Client\;C:\WINDOWS\system32;C:\WINDOWS;C:\WINDOWS\System32\Wbem;C:\WINDOWS\System32\WindowsPowerShell\v1.0\;C:\Program Files\Intel\Intel(R) Management Engine Components\DAL;C:\Program Files (x86)\Intel\Intel(R) Management Engine Components\DAL;C:\Program Files\Intel\Intel(R) Management Engine Components\IPT;C:\Program Files (x86)\Intel\Intel(R) Management Engine Components\IPT;C:\Program Files\Intel\WiFi\bin\;C:\Program Files\Common Files\Intel\WirelessCommon\;C:\android-sdk-windows\platform-tools;C:\Users\Danfeng Trondset\Downloads\gradle-3.1-all\gradle-3.1\bin;C:\Program Files (x86)\GtkSharp\2.12\bin;C:\Program Files\Git\cmd;C:\Program Files\Microsoft SQL Server\Client SDK\ODBC\130\Tools\Binn\;C:\Program Files (x86)\Microsoft SQL Server\130\Tools\Binn\;C:\Program Files\Microsoft SQL Server\130\Tools\Binn\;C:\Program Files\Microsoft SQL Server\130\DTS\Binn\;C:\Program Files (x86)\MySQL\MySQL Utilities 1.6\
USERNAME=Danfeng Trondset
OS=Windows_NT
PROCESSOR_IDENTIFIER=Intel64 Family 6 Model 61 Stepping 4, GenuineIntel



---------------  S Y S T E M  ---------------

OS: Windows 8.1 , 64 bit Build 9600 (6.3.9600.17415)

CPU:total 4 (initial active 4) (2 cores per cpu, 2 threads per core) family 6 model 61 stepping 4, cmov, cx8, fxsr, mmx, sse, sse2, sse3, ssse3, sse4.1, sse4.2, popcnt, avx, avx2, aes, clmul, erms, rtm, 3dnowpref, lzcnt, ht, tsc, tscinvbit, bmi1, bmi2, adx

Memory: 4k page, physical 4083148k(149548k free), swap 10216520k(1400k free)

vm_info: OpenJDK 64-Bit Server VM (25.152-b02) for windows-amd64 JRE (1.8.0_152-release-1024-b02), built by "builder" with MS VC++ 10.0 (VS2010)

time: Mon May 21 11:32:48 2018
elapsed time: 8690 seconds (0d 2h 24m 50s)

